<?xml version="1.0" encoding="UTF-8"?>
<!-- Generated by org.testng.reporters.JUnitXMLReporter -->
<testsuite hostname="GZCDC101403" ignored="0" name="JDSeleniumtest" tests="2" failures="1" timestamp="2019-08-27T11:51:00 CST" time="47.114" errors="0">
  <testcase name="testSearchCommodity" time="21.776" classname="com.lin.selenium.testCase.TestShopping"/>
  <testcase name="testSearchCommodity" time="0.203" classname="com.lin.selenium.testCase.TestShopping">
    <failure type="org.openqa.selenium.ElementClickInterceptedException" message="element click intercepted: Element &amp;lt;input type=&amp;quot;button&amp;quot; class=&amp;quot;button&amp;quot; value=&amp;quot;搜索&amp;quot; clstag=&amp;quot;clickcart|keycount|xincart|cart_search&amp;quot; onclick=&amp;quot;javascript:void(0);&amp;quot;&amp;gt; is not clickable at point (1420, 85). Other element would receive the click: &amp;lt;div class=&amp;quot;ui-mask&amp;quot; style=&amp;quot;position: absolute; left: 0px; top: 0px; opacity: 0.15; z-index: 9998; background-color: rgb(0, 0, 0); width: 1903px; height: 1498px;&amp;quot;&amp;gt;&amp;lt;/div&amp;gt;
  (Session info: chrome=76.0.3809.100)
Build info: version: &amp;apos;3.141.59&amp;apos;, revision: &amp;apos;e82be7d358&amp;apos;, time: &amp;apos;2018-11-14T08:17:03&amp;apos;
System info: host: &amp;apos;GZCDC101403&amp;apos;, ip: &amp;apos;192.168.56.1&amp;apos;, os.name: &amp;apos;Windows 8.1&amp;apos;, os.arch: &amp;apos;amd64&amp;apos;, os.version: &amp;apos;6.3&amp;apos;, java.version: &amp;apos;1.8.0_45&amp;apos;
Driver info: org.openqa.selenium.chrome.ChromeDriver
Capabilities {acceptInsecureCerts: false, browserName: chrome, browserVersion: 76.0.3809.100, chrome: {chromedriverVersion: 75.0.3770.140 (2d9f97485c7b..., userDataDir: C:\Users\shulin.xu\AppData\...}, goog:chromeOptions: {debuggerAddress: localhost:63805}, javascriptEnabled: true, networkConnectionEnabled: false, pageLoadStrategy: normal, platform: XP, platformName: XP, proxy: Proxy(), setWindowRect: true, strictFileInteractability: false, timeouts: {implicit: 0, pageLoad: 300000, script: 30000}, unhandledPromptBehavior: dismiss and notify}
Session ID: 2850e5771dbcbe8ac17d6b545d339f99">
      <![CDATA[org.openqa.selenium.ElementClickInterceptedException: element click intercepted: Element <input type="button" class="button" value="搜索" clstag="clickcart|keycount|xincart|cart_search" onclick="javascript:void(0);"> is not clickable at point (1420, 85). Other element would receive the click: <div class="ui-mask" style="position: absolute; left: 0px; top: 0px; opacity: 0.15; z-index: 9998; background-color: rgb(0, 0, 0); width: 1903px; height: 1498px;"></div>
  (Session info: chrome=76.0.3809.100)
Build info: version: '3.141.59', revision: 'e82be7d358', time: '2018-11-14T08:17:03'
System info: host: 'GZCDC101403', ip: '192.168.56.1', os.name: 'Windows 8.1', os.arch: 'amd64', os.version: '6.3', java.version: '1.8.0_45'
Driver info: org.openqa.selenium.chrome.ChromeDriver
Capabilities {acceptInsecureCerts: false, browserName: chrome, browserVersion: 76.0.3809.100, chrome: {chromedriverVersion: 75.0.3770.140 (2d9f97485c7b..., userDataDir: C:\Users\shulin.xu\AppData\...}, goog:chromeOptions: {debuggerAddress: localhost:63805}, javascriptEnabled: true, networkConnectionEnabled: false, pageLoadStrategy: normal, platform: XP, platformName: XP, proxy: Proxy(), setWindowRect: true, strictFileInteractability: false, timeouts: {implicit: 0, pageLoad: 300000, script: 30000}, unhandledPromptBehavior: dismiss and notify}
Session ID: 2850e5771dbcbe8ac17d6b545d339f99
at org.openqa.selenium.remote.http.W3CHttpResponseCodec.createException(W3CHttpResponseCodec.java:187)
at org.openqa.selenium.remote.http.W3CHttpResponseCodec.decode(W3CHttpResponseCodec.java:122)
at org.openqa.selenium.remote.http.W3CHttpResponseCodec.decode(W3CHttpResponseCodec.java:49)
at org.openqa.selenium.remote.HttpCommandExecutor.execute(HttpCommandExecutor.java:158)
at org.openqa.selenium.remote.service.DriverCommandExecutor.execute(DriverCommandExecutor.java:83)
at org.openqa.selenium.remote.RemoteWebDriver.execute(RemoteWebDriver.java:552)
at org.openqa.selenium.remote.RemoteWebElement.execute(RemoteWebElement.java:285)
at org.openqa.selenium.remote.RemoteWebElement.click(RemoteWebElement.java:84)
at com.lin.selenium.page.BasePage.click(BasePage.java:38)
at com.lin.selenium.handle.SearchHandle.clickSearchIcon(SearchHandle.java:29)
at com.lin.selenium.business.SearchPro.search(SearchPro.java:20)
at com.lin.selenium.testCase.TestShopping.testSearchCommodity(TestShopping.java:20)
at java.util.ArrayList.forEach(ArrayList.java:1249)
... Removed 31 stack frames]]>
    </failure>
  </testcase> <!-- testSearchCommodity -->
</testsuite> <!-- JDSeleniumtest -->
